Arguments: 
  C:\Program Files\nodejs\node.exe C:\Users\antho\AppData\Local\npm-cache\_npx\c094c3349f8dd527\node_modules\yarn\bin\yarn.js add react-native-reanimated~

PATH: 
  C:\Users\antho\AppData\Local\npm-cache\_npx\c094c3349f8dd527\node_modules\.bin;C:\Users\antho\OneDrive\Desktop\elleFA\elleFA-app\node_modules\.bin;C:\Users\antho\OneDrive\Desktop\elleFA\node_modules\.bin;C:\Users\antho\OneDrive\Desktop\node_modules\.bin;C:\Users\antho\OneDrive\node_modules\.bin;C:\Users\antho\node_modules\.bin;C:\Users\node_modules\.bin;C:\node_modules\.bin;C:\Program Files\nodejs\node_modules\npm\node_modules\@npmcli\run-script\lib\node-gyp-bin;C:\Users\antho\bin;C:\Program Files\Git\mingw64\bin;C:\Program Files\Git\usr\local\bin;C:\Program Files\Git\usr\bin;C:\Program Files\Git\usr\bin;C:\Program Files\Git\mingw64\bin;C:\Program Files\Git\usr\bin;C:\Users\antho\bin;C:\Program Files (x86)\Razer\ChromaBroadcast\bin;C:\Program Files\Razer\ChromaBroadcast\bin;C:\Python311\Scripts;C:\Python311;C:\Windows\system32;C:\Windows;C:\Windows\System32\Wbem;C:\Windows\System32\WindowsPowerShell\v1.0;C:\Windows\System32\OpenSSH;C:\Program Files\NVIDIA Corporation\NVIDIA NvDLISR;C:\Program Files (x86)\NVIDIA Corporation\PhysX\Common;C:\Program Files\Git\cmd;C:\ProgramData\chocolatey\bin;C:\Windows\system32\config\systemprofile\AppData\Local\Microsoft\WindowsApps;C:\Program Files\nodejs;C:\Users\antho\AppData\Local\Android\Sdk;%ANDROID_HOME%\platform-tools;%ANDROID_HOME%\tools;C:\Users\antho\AppData\Local\Microsoft\WindowsApps;C:\Users\antho\AppData\Local\Programs\Microsoft VS Code\bin;C:\Users\antho\AppData\Roaming\npm;C:\Program Files\Git\usr\bin\vendor_perl;C:\Program Files\Git\usr\bin\core_perl

Yarn version: 
  1.22.19

Node version: 
  20.1.0

Platform: 
  win32 x64

Trace: 
  Error: https://registry.yarnpkg.com/react-native-reanimated~: Not found
      at params.callback [as _callback] (C:\Users\antho\AppData\Local\npm-cache\_npx\c094c3349f8dd527\node_modules\yarn\lib\cli.js:66145:18)
      at self.callback (C:\Users\antho\AppData\Local\npm-cache\_npx\c094c3349f8dd527\node_modules\yarn\lib\cli.js:140890:22)
      at Request.emit (node:events:511:28)
      at Request.<anonymous> (C:\Users\antho\AppData\Local\npm-cache\_npx\c094c3349f8dd527\node_modules\yarn\lib\cli.js:141862:10)
      at Request.emit (node:events:511:28)
      at IncomingMessage.<anonymous> (C:\Users\antho\AppData\Local\npm-cache\_npx\c094c3349f8dd527\node_modules\yarn\lib\cli.js:141784:12)
      at Object.onceWrapper (node:events:625:28)
      at IncomingMessage.emit (node:events:523:35)
      at endReadableNT (node:internal/streams/readable:1367:12)
      at process.processTicksAndRejections (node:internal/process/task_queues:82:21)

npm manifest: 
  {
    "name": "ellefa-app",
    "version": "1.0.0",
    "main": "node_modules/expo/AppEntry.js",
    "scripts": {
      "start": "expo start",
      "android": "expo start --android",
      "ios": "expo start --ios",
      "web": "expo start --web"
    },
    "dependencies": {
      "@expo/webpack-config": "^18.0.1",
      "@react-native-community/masked-view": "^0.1.11",
      "@react-navigation/native": "^6.1.6",
      "@react-navigation/stack": "^6.3.16",
      "expo": "~48.0.15",
      "expo-status-bar": "~1.4.4",
      "react": "18.2.0",
      "react-dom": "18.2.0",
      "react-native": "0.71.7",
      "react-native-gesture-handler": "~2.9.0",
      "react-native-reanimated": "~2.14.4",
      "react-native-safe-area-context": "4.5.0",
      "react-native-screens": "~3.20.0",
      "react-native-web": "~0.18.10"
    },
    "devDependencies": {
      "@babel/core": "^7.20.0"
    },
    "private": true
  }

yarn manifest: 
  No manifest

Lockfile: 
  No lockfile
